ToyTrader/app/build/intermediates/manifest_merge_blame_file/debug/manifest-merger-blame-debug-report.txt
1<?xml version="1.0" encoding="utf-8"?>
2<manifest xmlns:android="http://schemas.android.com/apk/res/android"
3    package="com.example.toytrader"
4    android:versionCode="1"
5    android:versionName="1.0" >
6
7    <uses-sdk
8        android:minSdkVersion="28"
8-->src/main/AndroidManifest.xml
9        android:targetSdkVersion="30" />
9-->src/main/AndroidManifest.xml
10
11    <!-- Required permission for App measurement to run. -->
12    <uses-permission android:name="android.permission.INTERNET" />
12-->[com.google.android.gms:play-services-measurement:17.6.0] AndroidManifest.xml:23:5-67
12-->[com.google.android.gms:play-services-measurement:17.6.0] AndroidManifest.xml:23:22-64
13    <uses-permission android:name="android.permission.ACCESS_NETWORK_STATE" />
13-->[com.google.android.gms:play-services-measurement:17.6.0] AndroidManifest.xml:24:5-79
13-->[com.google.android.gms:play-services-measurement:17.6.0] AndroidManifest.xml:24:22-76
14    <uses-permission android:name="android.permission.WAKE_LOCK" />
14-->[com.google.android.gms:play-services-measurement:17.6.0] AndroidManifest.xml:25:5-68
14-->[com.google.android.gms:play-services-measurement:17.6.0] AndroidManifest.xml:25:22-65
15    <uses-permission android:name="com.google.android.finsky.permission.BIND_GET_INSTALL_REFERRER_SERVICE" />
15-->[com.google.android.gms:play-services-measurement:17.6.0] AndroidManifest.xml:26:5-110
15-->[com.google.android.gms:play-services-measurement:17.6.0] AndroidManifest.xml:26:22-107
16
17    <application
17-->src/main/AndroidManifest.xml:5:5-41:19
18        android:allowBackup="true"
18-->src/main/AndroidManifest.xml:6:9-35
19        android:appComponentFactory="androidx.core.app.CoreComponentFactory"
19-->[androidx.core:core:1.3.1] AndroidManifest.xml:24:18-86
20        android:debuggable="true"
21        android:extractNativeLibs="false"
22        android:icon="@mipmap/ic_launcher"
22-->src/main/AndroidManifest.xml:7:9-43
23        android:label="@string/app_name"
23-->src/main/AndroidManifest.xml:8:9-41
24        android:roundIcon="@mipmap/ic_launcher_round"
24-->src/main/AndroidManifest.xml:9:9-54
25        android:supportsRtl="true"
25-->src/main/AndroidManifest.xml:10:9-35
26        android:testOnly="true"
27        android:theme="@style/AppTheme" >
27-->src/main/AndroidManifest.xml:11:9-40
28        <activity android:name="com.example.toytrader.UserHomeActivity" >
28-->src/main/AndroidManifest.xml:12:9-18:20
28-->src/main/AndroidManifest.xml:12:19-51
29            <intent-filter>
29-->src/main/AndroidManifest.xml:13:13-17:29
30                <action android:name=".UserHomeActivity" />
30-->src/main/AndroidManifest.xml:14:17-60
30-->src/main/AndroidManifest.xml:14:25-57
31
32                <category android:name="android.intent.category.DEFAULT" />
32-->src/main/AndroidManifest.xml:16:17-76
32-->src/main/AndroidManifest.xml:16:27-73
33            </intent-filter>
34        </activity>
35        <activity android:name="com.example.toytrader.RegisterActivity" >
35-->src/main/AndroidManifest.xml:19:9-25:20
35-->src/main/AndroidManifest.xml:19:19-51
36            <intent-filter>
36-->src/main/AndroidManifest.xml:20:13-24:29
37                <action android:name=".RegisterActivity" />
37-->src/main/AndroidManifest.xml:21:17-60
37-->src/main/AndroidManifest.xml:21:25-57
38
39                <category android:name="android.intent.category.DEFAULT" />
39-->src/main/AndroidManifest.xml:16:17-76
39-->src/main/AndroidManifest.xml:16:27-73
40            </intent-filter>
41        </activity>
42        <activity android:name="com.example.toytrader.LoginActivity" >
42-->src/main/AndroidManifest.xml:26:9-32:20
42-->src/main/AndroidManifest.xml:26:19-48
43            <intent-filter>
43-->src/main/AndroidManifest.xml:27:13-31:29
44                <action android:name=".LoginActivity" />
44-->src/main/AndroidManifest.xml:28:17-57
44-->src/main/AndroidManifest.xml:28:25-54
45
46                <category android:name="android.intent.category.DEFAULT" />
46-->src/main/AndroidManifest.xml:16:17-76
46-->src/main/AndroidManifest.xml:16:27-73
47            </intent-filter>
48        </activity>
49        <activity android:name="com.example.toytrader.UploadToy" />
49-->src/main/AndroidManifest.xml:33:9-56
49-->src/main/AndroidManifest.xml:33:19-44
50        <activity android:name="com.example.toytrader.MainActivity" >
50-->src/main/AndroidManifest.xml:34:9-40:20
50-->src/main/AndroidManifest.xml:34:19-47
51            <intent-filter>
51-->src/main/AndroidManifest.xml:35:13-39:29
52                <action android:name="android.intent.action.MAIN" />
52-->src/main/AndroidManifest.xml:36:17-69
52-->src/main/AndroidManifest.xml:36:25-66
53
54                <category android:name="android.intent.category.LAUNCHER" />
54-->src/main/AndroidManifest.xml:38:17-77
54-->src/main/AndroidManifest.xml:38:27-74
55            </intent-filter>
56        </activity>
57
58        <receiver
58-->[com.google.android.gms:play-services-measurement:17.6.0] AndroidManifest.xml:29:9-33:20
59            android:name="com.google.android.gms.measurement.AppMeasurementReceiver"
59-->[com.google.android.gms:play-services-measurement:17.6.0] AndroidManifest.xml:30:13-85
60            android:enabled="true"
60-->[com.google.android.gms:play-services-measurement:17.6.0] AndroidManifest.xml:31:13-35
61            android:exported="false" >
61-->[com.google.android.gms:play-services-measurement:17.6.0] AndroidManifest.xml:32:13-37
62        </receiver>
63
64        <service
64-->[com.google.android.gms:play-services-measurement:17.6.0] AndroidManifest.xml:35:9-38:40
65            android:name="com.google.android.gms.measurement.AppMeasurementService"
65-->[com.google.android.gms:play-services-measurement:17.6.0] AndroidManifest.xml:36:13-84
66            android:enabled="true"
66-->[com.google.android.gms:play-services-measurement:17.6.0] AndroidManifest.xml:37:13-35
67            android:exported="false" />
67-->[com.google.android.gms:play-services-measurement:17.6.0] AndroidManifest.xml:38:13-37
68        <service
68-->[com.google.android.gms:play-services-measurement:17.6.0] AndroidManifest.xml:39:9-43:72
69            android:name="com.google.android.gms.measurement.AppMeasurementJobService"
69-->[com.google.android.gms:play-services-measurement:17.6.0] AndroidManifest.xml:40:13-87
70            android:enabled="true"
70-->[com.google.android.gms:play-services-measurement:17.6.0] AndroidManifest.xml:41:13-35
71            android:exported="false"
71-->[com.google.android.gms:play-services-measurement:17.6.0] AndroidManifest.xml:42:13-37
72            android:permission="android.permission.BIND_JOB_SERVICE" />
72-->[com.google.android.gms:play-services-measurement:17.6.0] AndroidManifest.xml:43:13-69
73        <service
73-->[com.google.android.gms:play-services-measurement-api:17.6.0] AndroidManifest.xml:27:9-33:19
74            android:name="com.google.firebase.components.ComponentDiscoveryService"
74-->[com.google.android.gms:play-services-measurement-api:17.6.0] AndroidManifest.xml:28:13-84
75            android:directBootAware="true"
75-->[com.google.firebase:firebase-common:19.3.0] AndroidManifest.xml:34:13-43
76            android:exported="false" >
76-->[com.google.android.gms:play-services-measurement-api:17.6.0] AndroidManifest.xml:29:13-37
77            <meta-data
77-->[com.google.android.gms:play-services-measurement-api:17.6.0] AndroidManifest.xml:30:13-32:85
78                android:name="com.google.firebase.components:com.google.firebase.analytics.connector.internal.AnalyticsConnectorRegistrar"
78-->[com.google.android.gms:play-services-measurement-api:17.6.0] AndroidManifest.xml:31:17-139
79                android:value="com.google.firebase.components.ComponentRegistrar" />
79-->[com.google.android.gms:play-services-measurement-api:17.6.0] AndroidManifest.xml:32:17-82
80            <meta-data
80-->[com.google.firebase:firebase-installations:16.3.2] AndroidManifest.xml:17:13-19:85
81                android:name="com.google.firebase.components:com.google.firebase.installations.FirebaseInstallationsRegistrar"
81-->[com.google.firebase:firebase-installations:16.3.2] AndroidManifest.xml:18:17-127
82                android:value="com.google.firebase.components.ComponentRegistrar" />
82-->[com.google.firebase:firebase-installations:16.3.2] AndroidManifest.xml:19:17-82
83        </service>
84
85        <provider
85-->[com.google.firebase:firebase-common:19.3.0] AndroidManifest.xml:26:9-30:39
86            android:name="com.google.firebase.provider.FirebaseInitProvider"
86-->[com.google.firebase:firebase-common:19.3.0] AndroidManifest.xml:27:13-77
87            android:authorities="com.example.toytrader.firebaseinitprovider"
87-->[com.google.firebase:firebase-common:19.3.0] AndroidManifest.xml:28:13-72
88            android:exported="false"
88-->[com.google.firebase:firebase-common:19.3.0] AndroidManifest.xml:29:13-37
89            android:initOrder="100" />
89-->[com.google.firebase:firebase-common:19.3.0] AndroidManifest.xml:30:13-36
90
91        <meta-data
91-->[com.google.android.gms:play-services-basement:17.0.0] AndroidManifest.xml:23:9-25:69
92            android:name="com.google.android.gms.version"
92-->[com.google.android.gms:play-services-basement:17.0.0] AndroidManifest.xml:24:13-58
93            android:value="@integer/google_play_services_version" />
93-->[com.google.android.gms:play-services-basement:17.0.0] AndroidManifest.xml:25:13-66
94    </application>
95
96</manifest>